==================================
Date: 04-02-2020 18:22:39
Message: Страница не существует
------------------
VARS

$_SERVER = Array
(
    [REDIRECT_UNIQUE_ID] => XjmMPwVlnFsAAEFqqTgAAAAh
    [REDIRECT_MMDB_ADDR] => 46.53.248.190
    [REDIRECT_GEOIP_ADDR] => 46.53.248.190
    [REDIRECT_MMDB_INFO] => result found
    [REDIRECT_GEOIP_CITY] => Minsk
    [REDIRECT_GEOIP_LONGITUDE] => 27.56670
    [REDIRECT_GEOIP_CONTINENT_CODE] => EU
    [REDIRECT_GEOIP_LATITUDE] => 53.90000
    [REDIRECT_GEOIP_POSTAL_CODE] => 220090
    [REDIRECT_GEOIP_COUNTRY_CODE] => BY
    [REDIRECT_GEOIP_COUNTRY_NAME] => Belarus
    [REDIRECT_GEOIP_REGION] => HM
    [REDIRECT_PERL_USE_UNSAFE_INC] => 1
    [REDIRECT_STATUS] => 200
    [UNIQUE_ID] => XjmMPwVlnFsAAEFqqTgAAAAh
    [MMDB_ADDR] => 46.53.248.190
    [GEOIP_ADDR] => 46.53.248.190
    [MMDB_INFO] => result found
    [GEOIP_CITY] => Minsk
    [GEOIP_LONGITUDE] => 27.56670
    [GEOIP_CONTINENT_CODE] => EU
    [GEOIP_LATITUDE] => 53.90000
    [GEOIP_POSTAL_CODE] => 220090
    [GEOIP_COUNTRY_CODE] => BY
    [GEOIP_COUNTRY_NAME] => Belarus
    [GEOIP_REGION] => HM
    [PERL_USE_UNSAFE_INC] => 1
    [HTTP_HOST] => 24med.magur.by
    [HTTP_X_SERVER_ADDR] => 5.101.152.91
    [HTTP_X_FORWARDED_PROTO] => http
    [HTTP_X_REAL_IP] => 46.53.248.190
    [HTTP_USER_AGENT] => Mozilla/5.0 (Windows NT 10.0; Win64; x64) AppleWebKit/537.36 (KHTML, like Gecko) Chrome/79.0.3945.130 Safari/537.36
    [HTTP_ACCEPT] => image/webp,image/apng,image/*,*/*;q=0.8
    [HTTP_REFERER] => http://24med.magur.by/HTML/text.html
    [HTTP_ACCEPT_ENCODING] => gzip, deflate
    [HTTP_ACCEPT_LANGUAGE] => ru-RU,ru;q=0.9,en-US;q=0.8,en;q=0.7
    [PATH] => /usr/local/sbin:/usr/local/bin:/usr/sbin:/usr/bin:/sbin:/bin
    [SERVER_SIGNATURE] => <address>Apache/2.4.10 (Unix) Server at 24med.magur.by Port 80</address>

    [SERVER_SOFTWARE] => Apache/2.4.10 (Unix)
    [SERVER_NAME] => 24med.magur.by
    [SERVER_ADDR] => 5.101.152.91
    [SERVER_PORT] => 80
    [REQUEST_SCHEME] => http
    [REMOTE_ADDR] => 46.53.248.190
    [DOCUMENT_ROOT] => /home/k/ksmedia/testing/public_html
    [CONTEXT_PREFIX] => 
    [CONTEXT_DOCUMENT_ROOT] => /home/k/ksmedia/testing/public_html
    [SERVER_ADMIN] => webmaster@24med.magur.by
    [SCRIPT_FILENAME] => /home/k/ksmedia/testing/public_html/index.php
    [REMOTE_PORT] => 48871
    [REDIRECT_URL] => /HTML/img/search-white.png
    [GATEWAY_INTERFACE] => CGI/1.1
    [SERVER_PROTOCOL] => HTTP/1.1
    [REQUEST_METHOD] => GET
    [QUERY_STRING] => 
    [REQUEST_URI] => /HTML/img/search-white.png
    [SCRIPT_NAME] => /index.php
    [PATH_INFO] => /HTML/img/search-white.png
    [PATH_TRANSLATED] => redirect:/index.php/HTML/img/search-white.png
    [PHP_SELF] => /index.php/HTML/img/search-white.png
    [REQUEST_TIME_FLOAT] => 1580829759.022
    [REQUEST_TIME] => 1580829759
    [argv] => Array
        (
        )

    [argc] => 0
)

$_GET = Array
(
    [img] => 
    [search-white.png] => 
)

$_POST = Array
(
)

$_COOKIE = Array
(
)

$_SESSION = Array
(
    [currency] => byr
)
==================================
==================================
Date: 04-02-2020 18:22:43
Message: Страница не существует
------------------
VARS

$_SERVER = Array
(
    [REDIRECT_UNIQUE_ID] => XjmMQwVlnFsAAEKFp-wAAAAE
    [REDIRECT_MMDB_ADDR] => 46.53.248.190
    [REDIRECT_GEOIP_ADDR] => 46.53.248.190
    [REDIRECT_MMDB_INFO] => result found
    [REDIRECT_GEOIP_CITY] => Minsk
    [REDIRECT_GEOIP_LONGITUDE] => 27.56670
    [REDIRECT_GEOIP_CONTINENT_CODE] => EU
    [REDIRECT_GEOIP_LATITUDE] => 53.90000
    [REDIRECT_GEOIP_POSTAL_CODE] => 220090
    [REDIRECT_GEOIP_COUNTRY_CODE] => BY
    [REDIRECT_GEOIP_COUNTRY_NAME] => Belarus
    [REDIRECT_GEOIP_REGION] => HM
    [REDIRECT_PERL_USE_UNSAFE_INC] => 1
    [REDIRECT_STATUS] => 200
    [UNIQUE_ID] => XjmMQwVlnFsAAEKFp-wAAAAE
    [MMDB_ADDR] => 46.53.248.190
    [GEOIP_ADDR] => 46.53.248.190
    [MMDB_INFO] => result found
    [GEOIP_CITY] => Minsk
    [GEOIP_LONGITUDE] => 27.56670
    [GEOIP_CONTINENT_CODE] => EU
    [GEOIP_LATITUDE] => 53.90000
    [GEOIP_POSTAL_CODE] => 220090
    [GEOIP_COUNTRY_CODE] => BY
    [GEOIP_COUNTRY_NAME] => Belarus
    [GEOIP_REGION] => HM
    [PERL_USE_UNSAFE_INC] => 1
    [HTTP_HOST] => 24med.magur.by
    [HTTP_X_SERVER_ADDR] => 5.101.152.91
    [HTTP_X_FORWARDED_PROTO] => http
    [HTTP_X_REAL_IP] => 46.53.248.190
    [HTTP_USER_AGENT] => Mozilla/5.0 (Windows NT 10.0; Win64; x64) AppleWebKit/537.36 (KHTML, like Gecko) Chrome/79.0.3945.130 Safari/537.36
    [HTTP_ACCEPT] => image/webp,image/apng,image/*,*/*;q=0.8
    [HTTP_REFERER] => http://24med.magur.by/HTML/text.html
    [HTTP_ACCEPT_ENCODING] => gzip, deflate
    [HTTP_ACCEPT_LANGUAGE] => ru-RU,ru;q=0.9,en-US;q=0.8,en;q=0.7
    [PATH] => /usr/local/sbin:/usr/local/bin:/usr/sbin:/usr/bin:/sbin:/bin
    [SERVER_SIGNATURE] => <address>Apache/2.4.10 (Unix) Server at 24med.magur.by Port 80</address>

    [SERVER_SOFTWARE] => Apache/2.4.10 (Unix)
    [SERVER_NAME] => 24med.magur.by
    [SERVER_ADDR] => 5.101.152.91
    [SERVER_PORT] => 80
    [REQUEST_SCHEME] => http
    [REMOTE_ADDR] => 46.53.248.190
    [DOCUMENT_ROOT] => /home/k/ksmedia/testing/public_html
    [CONTEXT_PREFIX] => 
    [CONTEXT_DOCUMENT_ROOT] => /home/k/ksmedia/testing/public_html
    [SERVER_ADMIN] => webmaster@24med.magur.by
    [SCRIPT_FILENAME] => /home/k/ksmedia/testing/public_html/index.php
    [REMOTE_PORT] => 49755
    [REDIRECT_URL] => /HTML/img/search-white.png
    [GATEWAY_INTERFACE] => CGI/1.1
    [SERVER_PROTOCOL] => HTTP/1.1
    [REQUEST_METHOD] => GET
    [QUERY_STRING] => 
    [REQUEST_URI] => /HTML/img/search-white.png
    [SCRIPT_NAME] => /index.php
    [PATH_INFO] => /HTML/img/search-white.png
    [PATH_TRANSLATED] => redirect:/index.php/HTML/img/search-white.png
    [PHP_SELF] => /index.php/HTML/img/search-white.png
    [REQUEST_TIME_FLOAT] => 1580829763.676
    [REQUEST_TIME] => 1580829763
    [argv] => Array
        (
        )

    [argc] => 0
)

$_GET = Array
(
    [img] => 
    [search-white.png] => 
)

$_POST = Array
(
)

$_COOKIE = Array
(
)

$_SESSION = Array
(
    [currency] => byr
)
==================================
==================================
Date: 04-02-2020 18:22:52
Message: Страница не существует
------------------
VARS

$_SERVER = Array
(
    [REDIRECT_UNIQUE_ID] => XjmMTAVlnFsAAEPMfaUAAAAk
    [REDIRECT_MMDB_ADDR] => 46.53.248.190
    [REDIRECT_GEOIP_ADDR] => 46.53.248.190
    [REDIRECT_MMDB_INFO] => result found
    [REDIRECT_GEOIP_CITY] => Minsk
    [REDIRECT_GEOIP_LONGITUDE] => 27.56670
    [REDIRECT_GEOIP_CONTINENT_CODE] => EU
    [REDIRECT_GEOIP_LATITUDE] => 53.90000
    [REDIRECT_GEOIP_POSTAL_CODE] => 220090
    [REDIRECT_GEOIP_COUNTRY_CODE] => BY
    [REDIRECT_GEOIP_COUNTRY_NAME] => Belarus
    [REDIRECT_GEOIP_REGION] => HM
    [REDIRECT_PERL_USE_UNSAFE_INC] => 1
    [REDIRECT_STATUS] => 200
    [UNIQUE_ID] => XjmMTAVlnFsAAEPMfaUAAAAk
    [MMDB_ADDR] => 46.53.248.190
    [GEOIP_ADDR] => 46.53.248.190
    [MMDB_INFO] => result found
    [GEOIP_CITY] => Minsk
    [GEOIP_LONGITUDE] => 27.56670
    [GEOIP_CONTINENT_CODE] => EU
    [GEOIP_LATITUDE] => 53.90000
    [GEOIP_POSTAL_CODE] => 220090
    [GEOIP_COUNTRY_CODE] => BY
    [GEOIP_COUNTRY_NAME] => Belarus
    [GEOIP_REGION] => HM
    [PERL_USE_UNSAFE_INC] => 1
    [HTTP_HOST] => 24med.magur.by
    [HTTP_X_SERVER_ADDR] => 5.101.152.91
    [HTTP_X_FORWARDED_PROTO] => http
    [HTTP_X_REAL_IP] => 46.53.248.190
    [HTTP_USER_AGENT] => Mozilla/5.0 (Windows NT 10.0; Win64; x64) AppleWebKit/537.36 (KHTML, like Gecko) Chrome/79.0.3945.130 Safari/537.36
    [HTTP_ACCEPT] => image/webp,image/apng,image/*,*/*;q=0.8
    [HTTP_REFERER] => http://24med.magur.by/HTML/text.html
    [HTTP_ACCEPT_ENCODING] => gzip, deflate
    [HTTP_ACCEPT_LANGUAGE] => ru-RU,ru;q=0.9,en-US;q=0.8,en;q=0.7
    [HTTP_COOKIE] => PHPSESSID=d5dfd222b735f0d27e52e5e590af0d10
    [PATH] => /usr/local/sbin:/usr/local/bin:/usr/sbin:/usr/bin:/sbin:/bin
    [SERVER_SIGNATURE] => <address>Apache/2.4.10 (Unix) Server at 24med.magur.by Port 80</address>

    [SERVER_SOFTWARE] => Apache/2.4.10 (Unix)
    [SERVER_NAME] => 24med.magur.by
    [SERVER_ADDR] => 5.101.152.91
    [SERVER_PORT] => 80
    [REQUEST_SCHEME] => http
    [REMOTE_ADDR] => 46.53.248.190
    [DOCUMENT_ROOT] => /home/k/ksmedia/testing/public_html
    [CONTEXT_PREFIX] => 
    [CONTEXT_DOCUMENT_ROOT] => /home/k/ksmedia/testing/public_html
    [SERVER_ADMIN] => webmaster@24med.magur.by
    [SCRIPT_FILENAME] => /home/k/ksmedia/testing/public_html/index.php
    [REMOTE_PORT] => 52221
    [REDIRECT_URL] => /HTML/img/search-white.png
    [GATEWAY_INTERFACE] => CGI/1.1
    [SERVER_PROTOCOL] => HTTP/1.1
    [REQUEST_METHOD] => GET
    [QUERY_STRING] => 
    [REQUEST_URI] => /HTML/img/search-white.png
    [SCRIPT_NAME] => /index.php
    [PATH_INFO] => /HTML/img/search-white.png
    [PATH_TRANSLATED] => redirect:/index.php/HTML/img/search-white.png
    [PHP_SELF] => /index.php/HTML/img/search-white.png
    [REQUEST_TIME_FLOAT] => 1580829772.254
    [REQUEST_TIME] => 1580829772
    [argv] => Array
        (
        )

    [argc] => 0
)

$_GET = Array
(
    [img] => 
    [search-white.png] => 
)

$_POST = Array
(
)

$_COOKIE = Array
(
    [PHPSESSID] => d5dfd222b735f0d27e52e5e590af0d10
)

$_SESSION = Array
(
    [currency] => byr
)
==================================
==================================
Date: 04-02-2020 18:22:53
Message: Страница не существует
------------------
VARS

$_SERVER = Array
(
    [REDIRECT_UNIQUE_ID] => XjmMTQVlnFsAAEKENPEAAAAD
    [REDIRECT_MMDB_ADDR] => 46.53.248.190
    [REDIRECT_GEOIP_ADDR] => 46.53.248.190
    [REDIRECT_MMDB_INFO] => result found
    [REDIRECT_GEOIP_CITY] => Minsk
    [REDIRECT_GEOIP_LONGITUDE] => 27.56670
    [REDIRECT_GEOIP_CONTINENT_CODE] => EU
    [REDIRECT_GEOIP_LATITUDE] => 53.90000
    [REDIRECT_GEOIP_POSTAL_CODE] => 220090
    [REDIRECT_GEOIP_COUNTRY_CODE] => BY
    [REDIRECT_GEOIP_COUNTRY_NAME] => Belarus
    [REDIRECT_GEOIP_REGION] => HM
    [REDIRECT_PERL_USE_UNSAFE_INC] => 1
    [REDIRECT_STATUS] => 200
    [UNIQUE_ID] => XjmMTQVlnFsAAEKENPEAAAAD
    [MMDB_ADDR] => 46.53.248.190
    [GEOIP_ADDR] => 46.53.248.190
    [MMDB_INFO] => result found
    [GEOIP_CITY] => Minsk
    [GEOIP_LONGITUDE] => 27.56670
    [GEOIP_CONTINENT_CODE] => EU
    [GEOIP_LATITUDE] => 53.90000
    [GEOIP_POSTAL_CODE] => 220090
    [GEOIP_COUNTRY_CODE] => BY
    [GEOIP_COUNTRY_NAME] => Belarus
    [GEOIP_REGION] => HM
    [PERL_USE_UNSAFE_INC] => 1
    [HTTP_HOST] => 24med.magur.by
    [HTTP_X_SERVER_ADDR] => 5.101.152.91
    [HTTP_X_FORWARDED_PROTO] => http
    [HTTP_X_REAL_IP] => 46.53.248.190
    [HTTP_USER_AGENT] => Mozilla/5.0 (Windows NT 10.0; Win64; x64) AppleWebKit/537.36 (KHTML, like Gecko) Chrome/79.0.3945.130 Safari/537.36
    [HTTP_ACCEPT] => image/webp,image/apng,image/*,*/*;q=0.8
    [HTTP_REFERER] => http://24med.magur.by/HTML/index.html
    [HTTP_ACCEPT_ENCODING] => gzip, deflate
    [HTTP_ACCEPT_LANGUAGE] => ru-RU,ru;q=0.9,en-US;q=0.8,en;q=0.7
    [HTTP_COOKIE] => PHPSESSID=d5dfd222b735f0d27e52e5e590af0d10
    [PATH] => /usr/local/sbin:/usr/local/bin:/usr/sbin:/usr/bin:/sbin:/bin
    [SERVER_SIGNATURE] => <address>Apache/2.4.10 (Unix) Server at 24med.magur.by Port 80</address>

    [SERVER_SOFTWARE] => Apache/2.4.10 (Unix)
    [SERVER_NAME] => 24med.magur.by
    [SERVER_ADDR] => 5.101.152.91
    [SERVER_PORT] => 80
    [REQUEST_SCHEME] => http
    [REMOTE_ADDR] => 46.53.248.190
    [DOCUMENT_ROOT] => /home/k/ksmedia/testing/public_html
    [CONTEXT_PREFIX] => 
    [CONTEXT_DOCUMENT_ROOT] => /home/k/ksmedia/testing/public_html
    [SERVER_ADMIN] => webmaster@24med.magur.by
    [SCRIPT_FILENAME] => /home/k/ksmedia/testing/public_html/index.php
    [REMOTE_PORT] => 52575
    [REDIRECT_URL] => /HTML/img/search-white.png
    [GATEWAY_INTERFACE] => CGI/1.1
    [SERVER_PROTOCOL] => HTTP/1.1
    [REQUEST_METHOD] => GET
    [QUERY_STRING] => 
    [REQUEST_URI] => /HTML/img/search-white.png
    [SCRIPT_NAME] => /index.php
    [PATH_INFO] => /HTML/img/search-white.png
    [PATH_TRANSLATED] => redirect:/index.php/HTML/img/search-white.png
    [PHP_SELF] => /index.php/HTML/img/search-white.png
    [REQUEST_TIME_FLOAT] => 1580829773.822
    [REQUEST_TIME] => 1580829773
    [argv] => Array
        (
        )

    [argc] => 0
)

$_GET = Array
(
    [img] => 
    [search-white.png] => 
)

$_POST = Array
(
)

$_COOKIE = Array
(
    [PHPSESSID] => d5dfd222b735f0d27e52e5e590af0d10
)

$_SESSION = Array
(
    [currency] => byr
)
==================================
